<?xml version="1.0" encoding="UTF-8"?>
<robot generator="Robot 7.3.2 (Python 3.13.2 on win32)" generated="2025-08-29T19:36:08.381355" rpa="false" schemaversion="5">
<suite id="s1" name="costName" source="D:\Cursos\Qa.Coders\Robot Framework - FrontEnd\tests\costName.robot">
<test id="s1-t1" name="CT01: Realizar novo cadastro centro de custo" line="10">
<kw name="Abrir Navegador e Fazer Login" owner="config" type="SETUP">
<kw name="Abrir Navegador" owner="config">
<kw name="Evaluate" owner="BuiltIn">
<msg time="2025-08-29T19:36:10.448457" level="INFO">${options} = &lt;selenium.webdriver.chrome.options.Options object at 0x00000270526C1FD0&gt;</msg>
<var>${options}</var>
<arg>sys.modules['selenium.webdriver.chrome.options'].Options()</arg>
<arg>modules=sys,selenium.webdriver.chrome.options</arg>
<doc>Evaluates the given expression in Python and returns the result.</doc>
<status status="PASS" start="2025-08-29T19:36:10.446678" elapsed="0.001984"/>
</kw>
<kw name="Call Method" owner="BuiltIn">
<arg>${options}</arg>
<arg>add_argument</arg>
<arg>--headless</arg>
<doc>Calls the named method of the given object with the provided arguments.</doc>
<status status="PASS" start="2025-08-29T19:36:10.449993" elapsed="0.002686"/>
</kw>
<kw name="Call Method" owner="BuiltIn">
<arg>${options}</arg>
<arg>add_argument</arg>
<arg>--no-sandbox</arg>
<doc>Calls the named method of the given object with the provided arguments.</doc>
<status status="PASS" start="2025-08-29T19:36:10.458248" elapsed="0.008148"/>
</kw>
<kw name="Call Method" owner="BuiltIn">
<arg>${options}</arg>
<arg>add_argument</arg>
<arg>--disable-dev-shm-usage</arg>
<doc>Calls the named method of the given object with the provided arguments.</doc>
<status status="PASS" start="2025-08-29T19:36:10.468895" elapsed="0.007877"/>
</kw>
<kw name="Open Browser" owner="SeleniumLibrary">
<msg time="2025-08-29T19:36:10.485845" level="INFO">Opening browser 'chrome' to base url 'https://shogun.qacoders.dev.br/login'.</msg>
<arg>${url}</arg>
<arg>chrome</arg>
<arg>options=${options}</arg>
<doc>Opens a new browser instance to the optional ``url``.</doc>
<status status="PASS" start="2025-08-29T19:36:10.478857" elapsed="9.332976"/>
</kw>
<kw name="Maximize Browser Window" owner="SeleniumLibrary">
<doc>Maximizes current browser window.</doc>
<status status="PASS" start="2025-08-29T19:36:19.812918" elapsed="0.138443"/>
</kw>
<doc>Abre o navegador com as opções corretas.</doc>
<status status="PASS" start="2025-08-29T19:36:10.445100" elapsed="9.507287"/>
</kw>
<kw name="Fazer Login" owner="config">
<kw name="Wait Until Element Is Visible" owner="SeleniumLibrary">
<arg>id=email</arg>
<doc>Waits until the element ``locator`` is visible.</doc>
<status status="PASS" start="2025-08-29T19:36:19.956416" elapsed="0.680771"/>
</kw>
<kw name="Input Text" owner="SeleniumLibrary">
<msg time="2025-08-29T19:36:20.643939" level="INFO">Typing text 'sysadmin@qacoders.com' into text field 'id=email'.</msg>
<arg>id=email</arg>
<arg>${email}</arg>
<doc>Types the given ``text`` into the text field identified by ``locator``.</doc>
<status status="PASS" start="2025-08-29T19:36:20.640318" elapsed="1.109845"/>
</kw>
<kw name="Input Text" owner="SeleniumLibrary">
<msg time="2025-08-29T19:36:21.758086" level="INFO">Typing text '1234@Test' into text field 'id=password'.</msg>
<arg>id=password</arg>
<arg>${senha}</arg>
<doc>Types the given ``text`` into the text field identified by ``locator``.</doc>
<status status="PASS" start="2025-08-29T19:36:21.752608" elapsed="0.559933"/>
</kw>
<kw name="Click Button" owner="SeleniumLibrary">
<msg time="2025-08-29T19:36:22.316614" level="INFO">Clicking button 'id=login'.</msg>
<arg>id=login</arg>
<doc>Clicks the button identified by ``locator``.</doc>
<status status="PASS" start="2025-08-29T19:36:22.314281" elapsed="0.453192"/>
</kw>
<doc>Preenche os campos de login e clica no botão.</doc>
<status status="PASS" start="2025-08-29T19:36:19.953983" elapsed="2.813700"/>
</kw>
<doc>Abre o navegador e realiza o login.</doc>
<status status="PASS" start="2025-08-29T19:36:10.442278" elapsed="12.325473"/>
</kw>
<kw name="Selecionar cadastros" owner="costName">
<kw name="Wait Until Element Is Visible" owner="SeleniumLibrary">
<arg>xpath=//*[@id="Cadastros"]</arg>
<doc>Waits until the element ``locator`` is visible.</doc>
<status status="PASS" start="2025-08-29T19:36:22.770547" elapsed="2.043138"/>
</kw>
<kw name="Click Element" owner="SeleniumLibrary">
<msg time="2025-08-29T19:36:24.815362" level="INFO">Clicking element 'xpath=//*[@id="Cadastros"]'.</msg>
<arg>xpath=//*[@id="Cadastros"]</arg>
<doc>Click the element identified by ``locator``.</doc>
<status status="PASS" start="2025-08-29T19:36:24.814461" elapsed="0.360827"/>
</kw>
<doc>Clica no botão para abrir o centro de custos.</doc>
<status status="PASS" start="2025-08-29T19:36:22.768247" elapsed="2.407726"/>
</kw>
<kw name="Acessar o centro de custos" owner="costName">
<kw name="Wait Until Element Is Visible" owner="SeleniumLibrary">
<arg>xpath=//*[@id="Centro de Custo"]</arg>
<arg>10s</arg>
<doc>Waits until the element ``locator`` is visible.</doc>
<status status="PASS" start="2025-08-29T19:36:25.179979" elapsed="0.226797"/>
</kw>
<kw name="Click Element" owner="SeleniumLibrary">
<msg time="2025-08-29T19:36:25.409687" level="INFO">Clicking element 'xpath=//*[@id="Centro de Custo"]'.</msg>
<arg>xpath=//*[@id="Centro de Custo"]</arg>
<doc>Click the element identified by ``locator``.</doc>
<status status="PASS" start="2025-08-29T19:36:25.408082" elapsed="0.301641"/>
</kw>
<doc>Acessa a página de centro de custos.</doc>
<status status="PASS" start="2025-08-29T19:36:25.177744" elapsed="0.532207"/>
</kw>
<kw name="Clicar no botão para novo cadastro" owner="costName">
<kw name="Wait Until Element Is Visible" owner="SeleniumLibrary">
<arg>xpath=//*[@id="Novo Cadastro"]</arg>
<doc>Waits until the element ``locator`` is visible.</doc>
<status status="PASS" start="2025-08-29T19:36:25.715985" elapsed="0.785514"/>
</kw>
<kw name="Click Element" owner="SeleniumLibrary">
<msg time="2025-08-29T19:36:26.505554" level="INFO">Clicking element 'xpath=//*[@id="Novo Cadastro"]'.</msg>
<arg>xpath=//*[@id="Novo Cadastro"]</arg>
<doc>Click the element identified by ``locator``.</doc>
<status status="PASS" start="2025-08-29T19:36:26.503289" elapsed="0.327168"/>
</kw>
<doc>Clica no botão para criar um novo cadastro.</doc>
<status status="PASS" start="2025-08-29T19:36:25.710813" elapsed="1.120161"/>
</kw>
<kw name="Adiconar nome do centro de custo e salvar" owner="costName">
<kw name="Generate Random String" owner="String">
<msg time="2025-08-29T19:36:26.838631" level="INFO">${nome_centro} = LJVQYDHYUB</msg>
<var>${nome_centro}</var>
<arg>10</arg>
<arg>[UPPER]</arg>
<doc>Generates a string with a desired ``length`` from the given ``chars``.</doc>
<status status="PASS" start="2025-08-29T19:36:26.835919" elapsed="0.003027"/>
</kw>
<kw name="Wait Until Element Is Visible" owner="SeleniumLibrary">
<msg time="2025-08-29T19:36:32.237947" level="INFO" html="true">&lt;/td&gt;&lt;/tr&gt;&lt;tr&gt;&lt;td colspan="3"&gt;&lt;a href="selenium-screenshot-1.png"&gt;&lt;img src="selenium-screenshot-1.png" width="800px"&gt;&lt;/a&gt;</msg>
<msg time="2025-08-29T19:36:32.239559" level="FAIL">Element 'xpath=//*[@id="costCentername"]' not visible after 5 seconds.</msg>
<arg>xpath=//*[@id="costCentername"]</arg>
<doc>Waits until the element ``locator`` is visible.</doc>
<status status="FAIL" start="2025-08-29T19:36:26.839891" elapsed="5.510646">Element 'xpath=//*[@id="costCentername"]' not visible after 5 seconds.</status>
</kw>
<kw name="Input Text" owner="SeleniumLibrary">
<arg>xpath=//*[@id="costCentername"]</arg>
<arg>${nome_centro}</arg>
<doc>Types the given ``text`` into the text field identified by ``locator``.</doc>
<status status="NOT RUN" start="2025-08-29T19:36:32.354699" elapsed="0.000708"/>
</kw>
<kw name="Click Element" owner="SeleniumLibrary">
<arg>xpath=//*[@id="Diretoria"]</arg>
<doc>Click the element identified by ``locator``.</doc>
<status status="NOT RUN" start="2025-08-29T19:36:32.358075" elapsed="0.000671"/>
</kw>
<kw name="Click Element" owner="SeleniumLibrary">
<arg>xpath=//*[@id="Diretoria"]/option[1]</arg>
<doc>Click the element identified by ``locator``.</doc>
<status status="NOT RUN" start="2025-08-29T19:36:32.360135" elapsed="0.000138"/>
</kw>
<kw name="Click Button" owner="SeleniumLibrary">
<arg>id=save</arg>
<doc>Clicks the button identified by ``locator``.</doc>
<status status="NOT RUN" start="2025-08-29T19:36:32.360617" elapsed="0.000076"/>
</kw>
<doc>Adiciona o nome do centro de custo no campo apropriado.</doc>
<status status="FAIL" start="2025-08-29T19:36:26.833829" elapsed="5.527348">Element 'xpath=//*[@id="costCentername"]' not visible after 5 seconds.</status>
</kw>
<kw name="Close All Browsers" owner="SeleniumLibrary" type="TEARDOWN">
<doc>Closes all open browsers and resets the browser cache.</doc>
<status status="PASS" start="2025-08-29T19:36:32.363108" elapsed="4.590407"/>
</kw>
<doc>Teste para realizar um novo cadastro no centro de custos.</doc>
<status status="FAIL" start="2025-08-29T19:36:10.430065" elapsed="26.524904">Element 'xpath=//*[@id="costCentername"]' not visible after 5 seconds.</status>
</test>
<test id="s1-t2" name="CT02: Editar centro de custo" line="17">
<kw name="Abrir Navegador e Fazer Login" owner="config" type="SETUP">
<kw name="Abrir Navegador" owner="config">
<kw name="Evaluate" owner="BuiltIn">
<msg time="2025-08-29T19:36:36.973054" level="INFO">${options} = &lt;selenium.webdriver.chrome.options.Options object at 0x0000027052BFC550&gt;</msg>
<var>${options}</var>
<arg>sys.modules['selenium.webdriver.chrome.options'].Options()</arg>
<arg>modules=sys,selenium.webdriver.chrome.options</arg>
<doc>Evaluates the given expression in Python and returns the result.</doc>
<status status="PASS" start="2025-08-29T19:36:36.971358" elapsed="0.001969"/>
</kw>
<kw name="Call Method" owner="BuiltIn">
<arg>${options}</arg>
<arg>add_argument</arg>
<arg>--headless</arg>
<doc>Calls the named method of the given object with the provided arguments.</doc>
<status status="PASS" start="2025-08-29T19:36:36.974153" elapsed="0.000956"/>
</kw>
<kw name="Call Method" owner="BuiltIn">
<arg>${options}</arg>
<arg>add_argument</arg>
<arg>--no-sandbox</arg>
<doc>Calls the named method of the given object with the provided arguments.</doc>
<status status="PASS" start="2025-08-29T19:36:36.975671" elapsed="0.002105"/>
</kw>
<kw name="Call Method" owner="BuiltIn">
<arg>${options}</arg>
<arg>add_argument</arg>
<arg>--disable-dev-shm-usage</arg>
<doc>Calls the named method of the given object with the provided arguments.</doc>
<status status="PASS" start="2025-08-29T19:36:36.979016" elapsed="0.000976"/>
</kw>
<kw name="Open Browser" owner="SeleniumLibrary">
<msg time="2025-08-29T19:36:36.981977" level="INFO">Opening browser 'chrome' to base url 'https://shogun.qacoders.dev.br/login'.</msg>
<arg>${url}</arg>
<arg>chrome</arg>
<arg>options=${options}</arg>
<doc>Opens a new browser instance to the optional ``url``.</doc>
<status status="PASS" start="2025-08-29T19:36:36.981028" elapsed="6.670482"/>
</kw>
<kw name="Maximize Browser Window" owner="SeleniumLibrary">
<doc>Maximizes current browser window.</doc>
<status status="PASS" start="2025-08-29T19:36:43.652675" elapsed="0.306601"/>
</kw>
<doc>Abre o navegador com as opções corretas.</doc>
<status status="PASS" start="2025-08-29T19:36:36.968711" elapsed="6.991605"/>
</kw>
<kw name="Fazer Login" owner="config">
<kw name="Wait Until Element Is Visible" owner="SeleniumLibrary">
<arg>id=email</arg>
<doc>Waits until the element ``locator`` is visible.</doc>
<status status="PASS" start="2025-08-29T19:36:43.965646" elapsed="0.259899"/>
</kw>
<kw name="Input Text" owner="SeleniumLibrary">
<msg time="2025-08-29T19:36:44.228029" level="INFO">Typing text 'sysadmin@qacoders.com' into text field 'id=email'.</msg>
<arg>id=email</arg>
<arg>${email}</arg>
<doc>Types the given ``text`` into the text field identified by ``locator``.</doc>
<status status="PASS" start="2025-08-29T19:36:44.226241" elapsed="1.614193"/>
</kw>
<kw name="Input Text" owner="SeleniumLibrary">
<msg time="2025-08-29T19:36:45.843842" level="INFO">Typing text '1234@Test' into text field 'id=password'.</msg>
<arg>id=password</arg>
<arg>${senha}</arg>
<doc>Types the given ``text`` into the text field identified by ``locator``.</doc>
<status status="PASS" start="2025-08-29T19:36:45.841957" elapsed="0.497808"/>
</kw>
<kw name="Click Button" owner="SeleniumLibrary">
<msg time="2025-08-29T19:36:46.343704" level="INFO">Clicking button 'id=login'.</msg>
<arg>id=login</arg>
<doc>Clicks the button identified by ``locator``.</doc>
<status status="PASS" start="2025-08-29T19:36:46.341449" elapsed="0.670448"/>
</kw>
<doc>Preenche os campos de login e clica no botão.</doc>
<status status="PASS" start="2025-08-29T19:36:43.961843" elapsed="3.050837"/>
</kw>
<doc>Abre o navegador e realiza o login.</doc>
<status status="PASS" start="2025-08-29T19:36:36.965968" elapsed="10.047055"/>
</kw>
<kw name="Generate Random String" owner="String">
<msg time="2025-08-29T19:36:47.022015" level="INFO">${nome_aleatorio} = jgsgfsxocu</msg>
<var>${nome_aleatorio}</var>
<arg>10</arg>
<arg>[LOWER]</arg>
<doc>Generates a string with a desired ``length`` from the given ``chars``.</doc>
<status status="PASS" start="2025-08-29T19:36:47.018488" elapsed="0.003865"/>
</kw>
<kw name="Selecionar cadastros" owner="costName">
<kw name="Wait Until Element Is Visible" owner="SeleniumLibrary">
<arg>xpath=//*[@id="Cadastros"]</arg>
<doc>Waits until the element ``locator`` is visible.</doc>
<status status="PASS" start="2025-08-29T19:36:47.027980" elapsed="1.957469"/>
</kw>
<kw name="Click Element" owner="SeleniumLibrary">
<msg time="2025-08-29T19:36:48.990725" level="INFO">Clicking element 'xpath=//*[@id="Cadastros"]'.</msg>
<arg>xpath=//*[@id="Cadastros"]</arg>
<doc>Click the element identified by ``locator``.</doc>
<status status="PASS" start="2025-08-29T19:36:48.987510" elapsed="0.389808"/>
</kw>
<doc>Clica no botão para abrir o centro de custos.</doc>
<status status="PASS" start="2025-08-29T19:36:47.025413" elapsed="2.353353"/>
</kw>
<kw name="Acessar o centro de custos" owner="costName">
<kw name="Wait Until Element Is Visible" owner="SeleniumLibrary">
<arg>xpath=//*[@id="Centro de Custo"]</arg>
<arg>10s</arg>
<doc>Waits until the element ``locator`` is visible.</doc>
<status status="PASS" start="2025-08-29T19:36:49.382931" elapsed="0.281997"/>
</kw>
<kw name="Click Element" owner="SeleniumLibrary">
<msg time="2025-08-29T19:36:49.670013" level="INFO">Clicking element 'xpath=//*[@id="Centro de Custo"]'.</msg>
<arg>xpath=//*[@id="Centro de Custo"]</arg>
<doc>Click the element identified by ``locator``.</doc>
<status status="PASS" start="2025-08-29T19:36:49.666578" elapsed="0.550807"/>
</kw>
<doc>Acessa a página de centro de custos.</doc>
<status status="PASS" start="2025-08-29T19:36:49.381760" elapsed="0.836674"/>
</kw>
<kw name="Editar Centro de Custo pela Posicao" owner="costName">
<kw name="Wait Until Element Is Visible" owner="SeleniumLibrary">
<arg>xpath=(//button[text()='Editar'])[${posicao_item}]</arg>
<doc>Waits until the element ``locator`` is visible.</doc>
<status status="PASS" start="2025-08-29T19:36:50.230820" elapsed="1.891206"/>
</kw>
<kw name="Click Element" owner="SeleniumLibrary">
<msg time="2025-08-29T19:36:52.134311" level="INFO">Clicking element 'xpath=(//button[text()='Editar'])[1]'.</msg>
<arg>xpath=(//button[text()='Editar'])[${posicao_item}]</arg>
<doc>Click the element identified by ``locator``.</doc>
<status status="PASS" start="2025-08-29T19:36:52.130653" elapsed="0.620260"/>
</kw>
<kw name="Wait Until Element Is Visible" owner="SeleniumLibrary">
<msg time="2025-08-29T19:36:58.440249" level="INFO" html="true">&lt;/td&gt;&lt;/tr&gt;&lt;tr&gt;&lt;td colspan="3"&gt;&lt;a href="selenium-screenshot-2.png"&gt;&lt;img src="selenium-screenshot-2.png" width="800px"&gt;&lt;/a&gt;</msg>
<msg time="2025-08-29T19:36:58.441515" level="FAIL">Element 'id=costCentername' not visible after 5 seconds.</msg>
<arg>id=costCentername</arg>
<doc>Waits until the element ``locator`` is visible.</doc>
<status status="FAIL" start="2025-08-29T19:36:52.751944" elapsed="5.694892">Element 'id=costCentername' not visible after 5 seconds.</status>
</kw>
<kw name="Input Text" owner="SeleniumLibrary">
<arg>id=costCentername</arg>
<arg>${novo_nome}</arg>
<doc>Types the given ``text`` into the text field identified by ``locator``.</doc>
<status status="NOT RUN" start="2025-08-29T19:36:58.450009" elapsed="0.000405"/>
</kw>
<kw name="Click Element" owner="SeleniumLibrary">
<arg>id=Diretoria</arg>
<doc>Click the element identified by ``locator``.</doc>
<status status="NOT RUN" start="2025-08-29T19:36:58.450990" elapsed="0.000054"/>
</kw>
<kw name="Click Element" owner="SeleniumLibrary">
<arg>xpath=//*[@id="Diretoria"]/option[2]</arg>
<doc>Click the element identified by ``locator``.</doc>
<status status="NOT RUN" start="2025-08-29T19:36:58.451218" elapsed="0.000051"/>
</kw>
<kw name="Click Button" owner="SeleniumLibrary">
<arg>id=save</arg>
<doc>Clicks the button identified by ``locator``.</doc>
<status status="NOT RUN" start="2025-08-29T19:36:58.451424" elapsed="0.000050"/>
</kw>
<return>
<value>${novo_nome}</value>
<status status="NOT RUN" start="2025-08-29T19:36:58.451674" elapsed="0.000267"/>
</return>
<arg>1</arg>
<arg>${nome_aleatorio}</arg>
<doc>Edita um centro de custo pela sua posicao.</doc>
<status status="FAIL" start="2025-08-29T19:36:50.229009" elapsed="8.223588">Element 'id=costCentername' not visible after 5 seconds.</status>
</kw>
<kw name="Close All Browsers" owner="SeleniumLibrary" type="TEARDOWN">
<doc>Closes all open browsers and resets the browser cache.</doc>
<status status="PASS" start="2025-08-29T19:36:58.455923" elapsed="5.365652"/>
</kw>
<doc>Teste para editar um centro de custo.</doc>
<status status="FAIL" start="2025-08-29T19:36:36.960380" elapsed="26.863804">Element 'id=costCentername' not visible after 5 seconds.</status>
</test>
<test id="s1-t3" name="CT03: Editar centro de custo com erro" line="24">
<kw name="Abrir Navegador e Fazer Login" owner="config" type="SETUP">
<kw name="Abrir Navegador" owner="config">
<kw name="Evaluate" owner="BuiltIn">
<msg time="2025-08-29T19:37:03.843414" level="INFO">${options} = &lt;selenium.webdriver.chrome.options.Options object at 0x0000027052BFDA90&gt;</msg>
<var>${options}</var>
<arg>sys.modules['selenium.webdriver.chrome.options'].Options()</arg>
<arg>modules=sys,selenium.webdriver.chrome.options</arg>
<doc>Evaluates the given expression in Python and returns the result.</doc>
<status status="PASS" start="2025-08-29T19:37:03.840238" elapsed="0.003359"/>
</kw>
<kw name="Call Method" owner="BuiltIn">
<arg>${options}</arg>
<arg>add_argument</arg>
<arg>--headless</arg>
<doc>Calls the named method of the given object with the provided arguments.</doc>
<status status="PASS" start="2025-08-29T19:37:03.844998" elapsed="0.006042"/>
</kw>
<kw name="Call Method" owner="BuiltIn">
<arg>${options}</arg>
<arg>add_argument</arg>
<arg>--no-sandbox</arg>
<doc>Calls the named method of the given object with the provided arguments.</doc>
<status status="PASS" start="2025-08-29T19:37:03.851866" elapsed="0.000684"/>
</kw>
<kw name="Call Method" owner="BuiltIn">
<arg>${options}</arg>
<arg>add_argument</arg>
<arg>--disable-dev-shm-usage</arg>
<doc>Calls the named method of the given object with the provided arguments.</doc>
<status status="PASS" start="2025-08-29T19:37:03.852896" elapsed="0.000460"/>
</kw>
<kw name="Open Browser" owner="SeleniumLibrary">
<msg time="2025-08-29T19:37:03.854405" level="INFO">Opening browser 'chrome' to base url 'https://shogun.qacoders.dev.br/login'.</msg>
<arg>${url}</arg>
<arg>chrome</arg>
<arg>options=${options}</arg>
<doc>Opens a new browser instance to the optional ``url``.</doc>
<status status="PASS" start="2025-08-29T19:37:03.853753" elapsed="6.822725"/>
</kw>
<kw name="Maximize Browser Window" owner="SeleniumLibrary">
<doc>Maximizes current browser window.</doc>
<status status="PASS" start="2025-08-29T19:37:10.677731" elapsed="0.141982"/>
</kw>
<doc>Abre o navegador com as opções corretas.</doc>
<status status="PASS" start="2025-08-29T19:37:03.837023" elapsed="6.983447"/>
</kw>
<kw name="Fazer Login" owner="config">
<kw name="Wait Until Element Is Visible" owner="SeleniumLibrary">
<arg>id=email</arg>
<doc>Waits until the element ``locator`` is visible.</doc>
<status status="PASS" start="2025-08-29T19:37:10.824287" elapsed="0.366378"/>
</kw>
<kw name="Input Text" owner="SeleniumLibrary">
<msg time="2025-08-29T19:37:11.193297" level="INFO">Typing text 'sysadmin@qacoders.com' into text field 'id=email'.</msg>
<arg>id=email</arg>
<arg>${email}</arg>
<doc>Types the given ``text`` into the text field identified by ``locator``.</doc>
<status status="PASS" start="2025-08-29T19:37:11.191699" elapsed="1.144946"/>
</kw>
<kw name="Input Text" owner="SeleniumLibrary">
<msg time="2025-08-29T19:37:12.338279" level="INFO">Typing text '1234@Test' into text field 'id=password'.</msg>
<arg>id=password</arg>
<arg>${senha}</arg>
<doc>Types the given ``text`` into the text field identified by ``locator``.</doc>
<status status="PASS" start="2025-08-29T19:37:12.337427" elapsed="1.317164"/>
</kw>
<kw name="Click Button" owner="SeleniumLibrary">
<msg time="2025-08-29T19:37:13.658422" level="INFO">Clicking button 'id=login'.</msg>
<arg>id=login</arg>
<doc>Clicks the button identified by ``locator``.</doc>
<status status="PASS" start="2025-08-29T19:37:13.656294" elapsed="1.833484"/>
</kw>
<doc>Preenche os campos de login e clica no botão.</doc>
<status status="PASS" start="2025-08-29T19:37:10.821761" elapsed="4.668822"/>
</kw>
<doc>Abre o navegador e realiza o login.</doc>
<status status="PASS" start="2025-08-29T19:37:03.831760" elapsed="11.659024"/>
</kw>
<kw name="Selecionar cadastros" owner="costName">
<kw name="Wait Until Element Is Visible" owner="SeleniumLibrary">
<arg>xpath=//*[@id="Cadastros"]</arg>
<doc>Waits until the element ``locator`` is visible.</doc>
<status status="PASS" start="2025-08-29T19:37:15.501348" elapsed="2.300938"/>
</kw>
<kw name="Click Element" owner="SeleniumLibrary">
<msg time="2025-08-29T19:37:17.804445" level="INFO">Clicking element 'xpath=//*[@id="Cadastros"]'.</msg>
<msg time="2025-08-29T19:37:18.166702" level="INFO" html="true">&lt;/td&gt;&lt;/tr&gt;&lt;tr&gt;&lt;td colspan="3"&gt;&lt;a href="selenium-screenshot-3.png"&gt;&lt;img src="selenium-screenshot-3.png" width="800px"&gt;&lt;/a&gt;</msg>
<msg time="2025-08-29T19:37:18.168064" level="FAIL">StaleElementReferenceException: Message: stale element reference: stale element not found in the current frame
  (Session info: chrome=139.0.7258.140); For documentation on this error, please visit: https://www.selenium.dev/documentation/webdriver/troubleshooting/errors#staleelementreferenceexception
Stacktrace:
	GetHandleVerifier [0x0x7ff6882e6b25+79621]
	GetHandleVerifier [0x0x7ff6882e6b80+79712]
	(No symbol) [0x0x7ff68807c0ea]
	(No symbol) [0x0x7ff688083ab1]
	(No symbol) [0x0x7ff688086b0c]
	(No symbol) [0x0x7ff688086bdf]
	(No symbol) [0x0x7ff6880d54e7]
	(No symbol) [0x0x7ff6880d45f1]
	(No symbol) [0x0x7ff6880c6078]
	(No symbol) [0x0x7ff6880fb13a]
	(No symbol) [0x0x7ff6880c5926]
	(No symbol) [0x0x7ff6880fb350]
	(No symbol) [0x0x7ff6881233d0]
	(No symbol) [0x0x7ff6880faf13]
	(No symbol) [0x0x7ff6880c4151]
	(No symbol) [0x0x7ff6880c4ee3]
	GetHandleVerifier [0x0x7ff6885a683d+2962461]
	GetHandleVerifier [0x0x7ff6885a0b5d+2938685]
	GetHandleVerifier [0x0x7ff6885bf71d+3064573]
	GetHandleVerifier [0x0x7ff688300c6e+186446]
	GetHandleVerifier [0x0x7ff688308a3f+218655]
	GetHandleVerifier [0x0x7ff6882ef914+115956]
	GetHandleVerifier [0x0x7ff6882efac9+116393]
	GetHandleVerifier [0x0x7ff6882d5ef8+10968]
	BaseThreadInitThunk [0x0x7ff88ce1e8d7+23]
	RtlUserThreadStart [0x0x7ff88ed1c34c+44]
</msg>
<arg>xpath=//*[@id="Cadastros"]</arg>
<doc>Click the element identified by ``locator``.</doc>
<status status="FAIL" start="2025-08-29T19:37:17.803095" elapsed="1.382633">StaleElementReferenceException: Message: stale element reference: stale element not found in the current frame
  (Session info: chrome=139.0.7258.140); For documentation on this error, please visit: https://www.selenium.dev/documentation/webdriver/troubleshooting/errors#staleelementreferenceexception
Stacktrace:
	GetHandleVerifier [0x0x7ff6882e6b25+79621]
	GetHandleVerifier [0x0x7ff6882e6b80+79712]
	(No symbol) [0x0x7ff68807c0ea]
	(No symbol) [0x0x7ff688083ab1]
	(No symbol) [0x0x7ff688086b0c]
	(No symbol) [0x0x7ff688086bdf]
	(No symbol) [0x0x7ff6880d54e7]
	(No symbol) [0x0x7ff6880d45f1]
	(No symbol) [0x0x7ff6880c6078]
	(No symbol) [0x0x7ff6880fb13a]
	(No symbol) [0x0x7ff6880c5926]
	(No symbol) [0x0x7ff6880fb350]
	(No symbol) [0x0x7ff6881233d0]
	(No symbol) [0x0x7ff6880faf13]
	(No symbol) [0x0x7ff6880c4151]
	(No symbol) [0x0x7ff6880c4ee3]
	GetHandleVerifier [0x0x7ff6885a683d+2962461]
	GetHandleVerifier [0x0x7ff6885a0b5d+2938685]
	GetHandleVerifier [0x0x7ff6885bf71d+3064573]
	GetHandleVerifier [0x0x7ff688300c6e+186446]
	GetHandleVerifier [0x0x7ff688308a3f+218655]
	GetHandleVerifier [0x0x7ff6882ef914+115956]
	GetHandleVerifier [0x0x7ff6882efac9+116393]
	GetHandleVerifier [0x0x7ff6882d5ef8+10968]
	BaseThreadInitThunk [0x0x7ff88ce1e8d7+23]
	RtlUserThreadStart [0x0x7ff88ed1c34c+44]
</status>
</kw>
<doc>Clica no botão para abrir o centro de custos.</doc>
<status status="FAIL" start="2025-08-29T19:37:15.494097" elapsed="3.692699">StaleElementReferenceException: Message: stale element reference: stale element not found in the current frame
  (Session info: chrome=139.0.7258.140); For documentation on this error, please visit: https://www.selenium.dev/documentation/webdriver/troubleshooting/errors#staleelementreferenceexception
Stacktrace:
	GetHandleVerifier [0x0x7ff6882e6b25+79621]
	GetHandleVerifier [0x0x7ff6882e6b80+79712]
	(No symbol) [0x0x7ff68807c0ea]
	(No symbol) [0x0x7ff688083ab1]
	(No symbol) [0x0x7ff688086b0c]
	(No symbol) [0x0x7ff688086bdf]
	(No symbol) [0x0x7ff6880d54e7]
	(No symbol) [0x0x7ff6880d45f1]
	(No symbol) [0x0x7ff6880c6078]
	(No symbol) [0x0x7ff6880fb13a]
	(No symbol) [0x0x7ff6880c5926]
	(No symbol) [0x0x7ff6880fb350]
	(No symbol) [0x0x7ff6881233d0]
	(No symbol) [0x0x7ff6880faf13]
	(No symbol) [0x0x7ff6880c4151]
	(No symbol) [0x0x7ff6880c4ee3]
	GetHandleVerifier [0x0x7ff6885a683d+2962461]
	GetHandleVerifier [0x0x7ff6885a0b5d+2938685]
	GetHandleVerifier [0x0x7ff6885bf71d+3064573]
	GetHandleVerifier [0x0x7ff688300c6e+186446]
	GetHandleVerifier [0x0x7ff688308a3f+218655]
	GetHandleVerifier [0x0x7ff6882ef914+115956]
	GetHandleVerifier [0x0x7ff6882efac9+116393]
	GetHandleVerifier [0x0x7ff6882d5ef8+10968]
	BaseThreadInitThunk [0x0x7ff88ce1e8d7+23]
	RtlUserThreadStart [0x0x7ff88ed1c34c+44]
</status>
</kw>
<kw name="Acessar o centro de custos" owner="costName">
<doc>Acessa a página de centro de custos.</doc>
<status status="NOT RUN" start="2025-08-29T19:37:19.192236" elapsed="0.001432"/>
</kw>
<kw name="Wait Until Element Is Visible" owner="SeleniumLibrary">
<arg>xpath=/html/body/div/div/div[2]/div[2]/div</arg>
<doc>Waits until the element ``locator`` is visible.</doc>
<status status="NOT RUN" start="2025-08-29T19:37:19.203834" elapsed="0.003865"/>
</kw>
<kw name="Scroll Element Into View" owner="SeleniumLibrary">
<arg>xpath=/html/body/div/div/div[2]/div[2]/div</arg>
<doc>Scrolls the element identified by ``locator`` into view.</doc>
<status status="NOT RUN" start="2025-08-29T19:37:19.227919" elapsed="0.000797"/>
</kw>
<kw name="Editar Centro de Custo pela Posicao" owner="costName">
<arg>1</arg>
<arg>${EMPTY}</arg>
<doc>Edita um centro de custo pela sua posicao.</doc>
<status status="NOT RUN" start="2025-08-29T19:37:19.235021" elapsed="0.006887"/>
</kw>
<kw name="Wait Until Element Contains" owner="SeleniumLibrary">
<arg>xpath=//p[text()='O campo diretoria é obrigatório']</arg>
<arg>O campo diretoria é obrigatório</arg>
<doc>Waits until the element ``locator`` contains ``text``.</doc>
<status status="NOT RUN" start="2025-08-29T19:37:19.256833" elapsed="0.000342"/>
</kw>
<kw name="Close All Browsers" owner="SeleniumLibrary" type="TEARDOWN">
<doc>Closes all open browsers and resets the browser cache.</doc>
<status status="PASS" start="2025-08-29T19:37:19.280956" elapsed="5.339670"/>
</kw>
<doc>Teste para editar um centro de custo com erro.</doc>
<status status="FAIL" start="2025-08-29T19:37:03.828491" elapsed="20.794038">StaleElementReferenceException: Message: stale element reference: stale element not found in the current frame
  (Session info: chrome=139.0.7258.140); For documentation on this error, please visit: https://www.selenium.dev/documentation/webdriver/troubleshooting/errors#staleelementreferenceexception
Stacktrace:
	GetHandleVerifier [0x0x7ff6882e6b25+79621]
	GetHandleVerifier [0x0x7ff6882e6b80+79712]
	(No symbol) [0x0x7ff68807c0ea]
	(No symbol) [0x0x7ff688083ab1]
	(No symbol) [0x0x7ff688086b0c]
	(No symbol) [0x0x7ff688086bdf]
	(No symbol) [0x0x7ff6880d54e7]
	(No symbol) [0x0x7ff6880d45f1]
	(No symbol) [0x0x7ff6880c6078]
	(No symbol) [0x0x7ff6880fb13a]
	(No symbol) [0x0x7ff6880c5926]
	(No symbol) [0x0x7ff6880fb350]
	(No symbol) [0x0x7ff6881233d0]
	(No symbol) [0x0x7ff6880faf13]
	(No symbol) [0x0x7ff6880c4151]
	(No symbol) [0x0x7ff6880c4ee3]
	GetHandleVerifier [0x0x7ff6885a683d+2962461]
	GetHandleVerifier [0x0x7ff6885a0b5d+2938685]
	GetHandleVerifier [0x0x7ff6885bf71d+3064573]
	GetHandleVerifier [0x0x7ff688300c6e+186446]
	GetHandleVerifier [0x0x7ff688308a3f+218655]
	GetHandleVerifier [0x0x7ff6882ef914+115956]
	GetHandleVerifier [0x0x7ff6882efac9+116393]
	GetHandleVerifier [0x0x7ff6882d5ef8+10968]
	BaseThreadInitThunk [0x0x7ff88ce1e8d7+23]
	RtlUserThreadStart [0x0x7ff88ed1c34c+44]
</status>
</test>
<status status="FAIL" start="2025-08-29T19:36:08.391967" elapsed="76.236911"/>
</suite>
<statistics>
<total>
<stat pass="0" fail="3" skip="0">All Tests</stat>
</total>
<tag>
</tag>
<suite>
<stat name="costName" id="s1" pass="0" fail="3" skip="0">costName</stat>
</suite>
</statistics>
<errors>
</errors>
</robot>
